<?xml version="1.0" encoding="UTF-8"?>
<!-- Generated by org.testng.reporters.JUnitReportReporter -->
<testsuite hostname="IN-CLMZ2J3" failures="0" tests="1" name="Assignment.Jenkins.testcase" time="9.420" errors="0" timestamp="19 Dec 2023 06:26:54 GMT" skipped="0">
  <testcase classname="Assignment.Jenkins.testcase" name="openAmazon" time="9.420"/>
</testsuite> <!-- Assignment.Jenkins.testcase -->
